# JRE version: Java(TM) SE Runtime Environment (18.0.2.1+1) (build 18.0.2.1+1-1)
# Java VM: Java HotSpot(TM) 64-Bit Server VM (18.0.2.1+1-1, mixed mode, sharing, tiered, compressed oops, compressed class ptrs, g1 gc, windows-amd64)
GC Precious Log:
 CardTable entry size: 512
 Card Set container configuration: InlinePtr #cards 5 size 8 Array Of Cards #cards 12 size 40 Howl #buckets 4 coarsen threshold 1843 Howl Bitmap #cards 512 size 80 coarsen threshold 460 Card regions per heap region 1 cards per card region 2048
 CPUs: 8 total, 8 available
 Memory: 6082M
 Large Page Support: Disabled
 NUMA Support: Disabled
 Compressed Oops: Enabled (32-bit)
 Heap Region Size: 1M
 Heap Min Capacity: 8M
 Heap Initial Capacity: 96M
 Heap Max Capacity: 2G
 Pre-touch: Disabled
 Parallel Workers: 8
 Concurrent Workers: 2
 Concurrent Refinement Workers: 8
 Periodic GC: Disabled
Heap:
 garbage-first heap   total 358400K, used 271535K [0x0000000080000000, 0x0000000100000000)
  region size 1024K, 66 young (67584K), 7 survivors (7168K)
 Metaspace       used 131089K, committed 133632K, reserved 552960K
  class space    used 17766K, committed 19072K, reserved 421888K
GC Heap History (20 events):
Event: 41.762 GC heap after
{Heap after GC invocations=50 (full 0):
 garbage-first heap   total 297984K, used 172488K [0x0000000080000000, 0x0000000100000000)
  region size 1024K, 7 young (7168K), 7 survivors (7168K)
 Metaspace       used 102718K, committed 105088K, reserved 552960K
  class space    used 14322K, committed 15552K, reserved 421888K
}
Event: 42.566 GC heap before
{Heap before GC invocations=50 (full 0):
 garbage-first heap   total 297984K, used 255432K [0x0000000080000000, 0x0000000100000000)
  region size 1024K, 77 young (78848K), 7 survivors (7168K)
 Metaspace       used 102912K, committed 105280K, reserved 552960K
  class space    used 14334K, committed 15552K, reserved 421888K
}
Event: 42.580 GC heap after
{Heap after GC invocations=51 (full 0):
 garbage-first heap   total 297984K, used 178360K [0x0000000080000000, 0x0000000100000000)
  region size 1024K, 6 young (6144K), 6 survivors (6144K)
 Metaspace       used 102912K, committed 105280K, reserved 552960K
  class space    used 14334K, committed 15552K, reserved 421888K
}
Event: 43.160 GC heap before
{Heap before GC invocations=51 (full 0):
 garbage-first heap   total 297984K, used 257208K [0x0000000080000000, 0x0000000100000000)
  region size 1024K, 72 young (73728K), 6 survivors (6144K)
 Metaspace       used 103170K, committed 105600K, reserved 552960K
  class space    used 14352K, committed 15616K, reserved 421888K
}
Event: 43.175 GC heap after
{Heap after GC invocations=52 (full 0):
 garbage-first heap   total 297984K, used 183670K [0x0000000080000000, 0x0000000100000000)
  region size 1024K, 6 young (6144K), 6 survivors (6144K)
 Metaspace       used 103170K, committed 105600K, reserved 552960K
  class space    used 14352K, committed 15616K, reserved 421888K
}
Event: 43.801 GC heap before
{Heap before GC invocations=52 (full 0):
 garbage-first heap   total 297984K, used 255350K [0x0000000080000000, 0x0000000100000000)
  region size 1024K, 69 young (70656K), 6 survivors (6144K)
 Metaspace       used 103382K, committed 105792K, reserved 552960K
  class space    used 14374K, committed 15616K, reserved 421888K
}
Event: 43.815 GC heap after
{Heap after GC invocations=53 (full 0):
 garbage-first heap   total 297984K, used 188863K [0x0000000080000000, 0x0000000100000000)
  region size 1024K, 5 young (5120K), 5 survivors (5120K)
 Metaspace       used 103382K, committed 105792K, reserved 552960K
  class space    used 14374K, committed 15616K, reserved 421888K
}
Event: 44.146 GC heap before
{Heap before GC invocations=53 (full 0):
 garbage-first heap   total 297984K, used 253375K [0x0000000080000000, 0x0000000100000000)
  region size 1024K, 65 young (66560K), 5 survivors (5120K)
 Metaspace       used 103430K, committed 105856K, reserved 552960K
  class space    used 14376K, committed 15616K, reserved 421888K
}
Event: 44.158 GC heap after
{Heap after GC invocations=54 (full 0):
 garbage-first heap   total 297984K, used 191841K [0x0000000080000000, 0x0000000100000000)
  region size 1024K, 8 young (8192K), 8 survivors (8192K)
 Metaspace       used 103430K, committed 105856K, reserved 552960K
  class space    used 14376K, committed 15616K, reserved 421888K
}
Event: 44.874 GC heap before
{Heap before GC invocations=54 (full 0):
 garbage-first heap   total 297984K, used 260449K [0x0000000080000000, 0x0000000100000000)
  region size 1024K, 67 young (68608K), 8 survivors (8192K)
 Metaspace       used 105935K, committed 108352K, reserved 552960K
  class space    used 14633K, committed 15872K, reserved 421888K
}
Event: 44.886 GC heap after
{Heap after GC invocations=55 (full 0):
 garbage-first heap   total 358400K, used 194469K [0x0000000080000000, 0x0000000100000000)
  region size 1024K, 6 young (6144K), 6 survivors (6144K)
 Metaspace       used 105935K, committed 108352K, reserved 552960K
  class space    used 14633K, committed 15872K, reserved 421888K
}
Event: 832.249 GC heap before
{Heap before GC invocations=55 (full 0):
 garbage-first heap   total 358400K, used 299941K [0x0000000080000000, 0x0000000100000000)
  region size 1024K, 106 young (108544K), 6 survivors (6144K)
 Metaspace       used 109531K, committed 112000K, reserved 552960K
  class space    used 15036K, committed 16320K, reserved 421888K
}
Event: 832.262 GC heap after
{Heap after GC invocations=56 (full 0):
 garbage-first heap   total 358400K, used 198862K [0x0000000080000000, 0x0000000100000000)
  region size 1024K, 11 young (11264K), 11 survivors (11264K)
 Metaspace       used 109531K, committed 112000K, reserved 552960K
  class space    used 15036K, committed 16320K, reserved 421888K
}
Event: 4372.252 GC heap before
{Heap before GC invocations=56 (full 0):
 garbage-first heap   total 358400K, used 299214K [0x0000000080000000, 0x0000000100000000)
  region size 1024K, 109 young (111616K), 11 survivors (11264K)
 Metaspace       used 109658K, committed 112128K, reserved 552960K
  class space    used 15038K, committed 16320K, reserved 421888K
}
Event: 4372.274 GC heap after
{Heap after GC invocations=57 (full 0):
 garbage-first heap   total 358400K, used 199544K [0x0000000080000000, 0x0000000100000000)
  region size 1024K, 8 young (8192K), 8 survivors (8192K)
 Metaspace       used 109658K, committed 112128K, reserved 552960K
  class space    used 15038K, committed 16320K, reserved 421888K
}
Event: 4851.650 GC heap before
{Heap before GC invocations=57 (full 0):
 garbage-first heap   total 358400K, used 302968K [0x0000000080000000, 0x0000000100000000)
  region size 1024K, 110 young (112640K), 8 survivors (8192K)
 Metaspace       used 121914K, committed 124480K, reserved 552960K
  class space    used 16599K, committed 17920K, reserved 421888K
}
Event: 4851.826 GC heap after
{Heap after GC invocations=58 (full 0):
 garbage-first heap   total 358400K, used 207442K [0x0000000080000000, 0x0000000100000000)
  region size 1024K, 14 young (14336K), 14 survivors (14336K)
 Metaspace       used 121914K, committed 124480K, reserved 552960K
  class space    used 16599K, committed 17920K, reserved 421888K
}
Event: 4857.012 GC heap before
{Heap before GC invocations=58 (full 0):
 garbage-first heap   total 358400K, used 300626K [0x0000000080000000, 0x0000000100000000)
  region size 1024K, 105 young (107520K), 14 survivors (14336K)
 Metaspace       used 126804K, committed 129408K, reserved 552960K
  class space    used 17213K, committed 18560K, reserved 421888K
}
Event: 4857.216 GC heap after
{Heap after GC invocations=59 (full 0):
 garbage-first heap   total 358400K, used 213167K [0x0000000080000000, 0x0000000100000000)
  region size 1024K, 7 young (7168K), 7 survivors (7168K)
 Metaspace       used 126804K, committed 129408K, reserved 552960K
  class space    used 17213K, committed 18560K, reserved 421888K
}
Event: 4862.434 GC heap before
{Heap before GC invocations=59 (full 0):
 garbage-first heap   total 358400K, used 271535K [0x0000000080000000, 0x0000000100000000)
  region size 1024K, 66 young (67584K), 7 survivors (7168K)
 Metaspace       used 131089K, committed 133632K, reserved 552960K
  class space    used 17766K, committed 19072K, reserved 421888K
}

